Determining if the pthread_create exist failed with the following output:
Change Dir: /home/dill/PycharmProjects/MerryOurHeartsGit/MerryOurHearts/CMakeFiles/CMakeTmp

Run Build Command(s):/usr/bin/make cmTC_b4a40/fast 
/usr/bin/make -f CMakeFiles/cmTC_b4a40.dir/build.make CMakeFiles/cmTC_b4a40.dir/build
make[1]: Entering directory '/home/dill/PycharmProjects/MerryOurHeartsGit/MerryOurHearts/CMakeFiles/CMakeTmp'
Building C object CMakeFiles/cmTC_b4a40.dir/CheckSymbolExists.c.o
/usr/bin/cc    -o CMakeFiles/cmTC_b4a40.dir/CheckSymbolExists.c.o   -c /home/dill/PycharmProjects/MerryOurHeartsGit/MerryOurHearts/CMakeFiles/CMakeTmp/CheckSymbolExists.c
Linking C executable cmTC_b4a40
/usr/bin/cmake -E cmake_link_script CMakeFiles/cmTC_b4a40.dir/link.txt --verbose=1
/usr/bin/cc      -rdynamic CMakeFiles/cmTC_b4a40.dir/CheckSymbolExists.c.o  -o cmTC_b4a40 
/usr/bin/ld: CMakeFiles/cmTC_b4a40.dir/CheckSymbolExists.c.o: in function `main':
CheckSymbolExists.c:(.text+0x1b): undefined reference to `pthread_create'
collect2: error: ld returned 1 exit status
make[1]: *** [CMakeFiles/cmTC_b4a40.dir/build.make:87: cmTC_b4a40] Error 1
make[1]: Leaving directory '/home/dill/PycharmProjects/MerryOurHeartsGit/MerryOurHearts/CMakeFiles/CMakeTmp'
make: *** [Makefile:121: cmTC_b4a40/fast] Error 2

File /home/dill/PycharmProjects/MerryOurHeartsGit/MerryOurHearts/CMakeFiles/CMakeTmp/CheckSymbolExists.c:
/* */
#include <pthread.h>

int main(int argc, char** argv)
{
  (void)argv;
#ifndef pthread_create
  return ((int*)(&pthread_create))[argc];
#else
  (void)argc;
  return 0;
#endif
}

Determining if the function pthread_create exists in the pthreads failed with the following output:
Change Dir: /home/dill/PycharmProjects/MerryOurHeartsGit/MerryOurHearts/CMakeFiles/CMakeTmp

Run Build Command(s):/usr/bin/make cmTC_8b0e2/fast 
/usr/bin/make -f CMakeFiles/cmTC_8b0e2.dir/build.make CMakeFiles/cmTC_8b0e2.dir/build
make[1]: Entering directory '/home/dill/PycharmProjects/MerryOurHeartsGit/MerryOurHearts/CMakeFiles/CMakeTmp'
Building C object CMakeFiles/cmTC_8b0e2.dir/CheckFunctionExists.c.o
/usr/bin/cc   -DCHECK_FUNCTION_EXISTS=pthread_create   -o CMakeFiles/cmTC_8b0e2.dir/CheckFunctionExists.c.o   -c /usr/share/cmake-3.14/Modules/CheckFunctionExists.c
Linking C executable cmTC_8b0e2
/usr/bin/cmake -E cmake_link_script CMakeFiles/cmTC_8b0e2.dir/link.txt --verbose=1
/usr/bin/cc  -DCHECK_FUNCTION_EXISTS=pthread_create    -rdynamic CMakeFiles/cmTC_8b0e2.dir/CheckFunctionExists.c.o  -o cmTC_8b0e2 -lpthreads 
/usr/bin/ld: cannot find -lpthreads
collect2: error: ld returned 1 exit status
make[1]: *** [CMakeFiles/cmTC_8b0e2.dir/build.make:87: cmTC_8b0e2] Error 1
make[1]: Leaving directory '/home/dill/PycharmProjects/MerryOurHeartsGit/MerryOurHearts/CMakeFiles/CMakeTmp'
make: *** [Makefile:121: cmTC_8b0e2/fast] Error 2


